<?xml version="1.0" encoding="UTF-8"?>
<!-- Generated by org.testng.reporters.JUnitReportReporter -->
<testsuite hostname="DESKTOP-L5PCABC" failures="0" tests="2" name="neostoxTest.ValidateNeoStoxaccbalance2" time="21.973" errors="1" timestamp="2022-12-12T21:45:10 IST" skipped="0">
  <testcase classname="neostoxTest.ValidateNeoStoxaccbalance2" name="validateuserID" time="11.991"/>
  <system-out>
    <![CDATA[waitning for 1000millisecond
getting actual user name
Actual user name isPrasad Gaikwad
Reading userName from Property file
waitning for 1000millisecond
getting actual user name
Actual user name isPrasad Gaikwad
waitning for 500millisecond
Taking ScreenShot
TC validateuserIDSuccess]]>
  </system-out>
  <testcase classname="neostoxTest.ValidateNeoStoxaccbalance2" name="Accountbalance" time="9.982">
    <error message="Invalid file path" type="java.io.FileNotFoundException">
      <![CDATA[java.io.FileNotFoundException: Invalid file path
at java.base/java.io.FileOutputStream.<init>(FileOutputStream.java:231)
at java.base/java.io.FileOutputStream.<init>(FileOutputStream.java:187)
at org.openqa.selenium.io.FileHandler.copyFile(FileHandler.java:136)
at org.openqa.selenium.io.FileHandler.copy(FileHandler.java:115)
at neostoxUtility.UtilityNew.Screshot(UtilityNew.java:43)
at neostoxTest.ValidateNeoStoxaccbalance2.Accountbalance(ValidateNeoStoxaccbalance2.java:80)
at java.base/jdk.internal.reflect.NativeMethodAccessorImpl.invoke0(Native Method)
at java.base/jdk.internal.reflect.NativeMethodAccessorImpl.invoke(NativeMethodAccessorImpl.java:62)
at java.base/jdk.internal.reflect.DelegatingMethodAccessorImpl.invoke(DelegatingMethodAccessorImpl.java:43)
at java.base/java.lang.reflect.Method.invoke(Method.java:566)
at org.testng.internal.MethodInvocationHelper.invokeMethod(MethodInvocationHelper.java:133)
at org.testng.internal.TestInvoker.invokeMethod(TestInvoker.java:598)
at org.testng.internal.TestInvoker.invokeTestMethod(TestInvoker.java:173)
at org.testng.internal.MethodRunner.runInSequence(MethodRunner.java:46)
at org.testng.internal.TestInvoker$MethodInvocationAgent.invoke(TestInvoker.java:824)
at org.testng.internal.TestInvoker.invokeTestMethods(TestInvoker.java:146)
at org.testng.internal.TestMethodWorker.invokeTestMethods(TestMethodWorker.java:146)
at org.testng.internal.TestMethodWorker.run(TestMethodWorker.java:128)
at java.base/java.util.ArrayList.forEach(ArrayList.java:1541)
at org.testng.TestRunner.privateRun(TestRunner.java:794)
at org.testng.TestRunner.run(TestRunner.java:596)
at org.testng.SuiteRunner.runTest(SuiteRunner.java:377)
at org.testng.SuiteRunner.runSequentially(SuiteRunner.java:371)
at org.testng.SuiteRunner.privateRun(SuiteRunner.java:332)
at org.testng.SuiteRunner.run(SuiteRunner.java:276)
at org.testng.SuiteRunnerWorker.runSuite(SuiteRunnerWorker.java:53)
at org.testng.SuiteRunnerWorker.run(SuiteRunnerWorker.java:96)
at org.testng.TestNG.runSuitesSequentially(TestNG.java:1212)
at org.testng.TestNG.runSuitesLocally(TestNG.java:1134)
at org.testng.TestNG.runSuites(TestNG.java:1063)
at org.testng.TestNG.run(TestNG.java:1031)
at org.testng.remote.AbstractRemoteTestNG.run(AbstractRemoteTestNG.java:115)
at org.testng.remote.RemoteTestNG.initAndRun(RemoteTestNG.java:251)
at org.testng.remote.RemoteTestNG.main(RemoteTestNG.java:77)
]]>
    </error>
  </testcase> <!-- Accountbalance -->
  <system-out>
    <![CDATA[waitning for 1000millisecond
get in acc balance -:> Rs.5,00,000.00
waitning for 500millisecond
TC AccountbalanceFailed Try Again
waitning for 500millisecond
Taking ScreenShot]]>
  </system-out>
</testsuite> <!-- neostoxTest.ValidateNeoStoxaccbalance2 -->
